2014/05/12 21:46:50 [error] [exception.CDbException] could not find driver
2014/05/12 21:46:50 [error] [exception.CDbException] exception 'CDbException' with message 'CDbConnection failed to open the DB connection.' in D:\YiiRoot\db\CDbConnection.php:388
Stack trace:
#0 D:\YiiRoot\db\CDbConnection.php(330): CDbConnection->open()
#1 D:\YiiRoot\db\CDbConnection.php(308): CDbConnection->setActive(true)
#2 D:\YiiRoot\base\CModule.php(387): CDbConnection->init()
#3 D:\YiiRoot\base\CApplication.php(450): CModule->getComponent('db')
#4 D:\YiiRoot\db\ar\CActiveRecord.php(634): CApplication->getDb()
#5 D:\YiiRoot\db\ar\CActiveRecord.php(667): CActiveRecord->getDbConnection()
#6 D:\YiiRoot\db\ar\CActiveRecord.php(1595): CActiveRecord->getCommandBuilder()
#7 D:\YiiRoot\web\CActiveDataProvider.php(228): CActiveRecord->count(Object(CDbCriteria))
#8 D:\YiiRoot\web\CDataProvider.php(224): CActiveDataProvider->calculateTotalItemCount()
#9 D:\YiiRoot\web\CActiveDataProvider.php(178): CDataProvider->getTotalItemCount()
#10 D:\YiiRoot\web\CDataProvider.php(168): CActiveDataProvider->fetchData()
#11 D:\YiiRoot\zii\widgets\CBaseListView.php(111): CDataProvider->getData()
#12 D:\YiiRoot\zii\widgets\CListView.php(211): CBaseListView->init()
#13 D:\YiiRoot\web\CBaseController.php(147): CListView->init()
#14 D:\YiiRoot\web\CBaseController.php(172): CBaseController->createWidget('zii.widgets.CLi...', Array)
#15 D:\webroot\test.loc\protected\views\post\index.php(9): CBaseController->widget('zii.widgets.CLi...', Array)
#16 D:\YiiRoot\web\CBaseController.php(126): require('D:\\webroot\\test...')
#17 D:\YiiRoot\web\CBaseController.php(95): CBaseController->renderInternal('D:\\webroot\\test...', Array, true)
#18 D:\YiiRoot\web\CController.php(869): CBaseController->renderFile('D:\\webroot\\test...', Array, true)
#19 D:\YiiRoot\web\CController.php(782): CController->renderPartial('index', Array, true)
#20 D:\webroot\test.loc\protected\controllers\PostController.php(136): CController->render('index', Array)
#21 D:\YiiRoot\web\actions\CInlineAction.php(49): PostController->actionIndex()
#22 D:\YiiRoot\web\CController.php(308): CInlineAction->runWithParams(Array)
#23 D:\YiiRoot\web\filters\CFilterChain.php(133): CController->runAction(Object(CInlineAction))
#24 D:\YiiRoot\web\filters\CFilter.php(40): CFilterChain->run()
#25 D:\YiiRoot\web\CController.php(1145): CFilter->filter(Object(CFilterChain))
#26 D:\YiiRoot\web\filters\CInlineFilter.php(58): CController->filterAccessControl(Object(CFilterChain))
#27 D:\YiiRoot\web\filters\CFilterChain.php(130): CInlineFilter->filter(Object(CFilterChain))
#28 D:\YiiRoot\web\CController.php(291): CFilterChain->run()
#29 D:\YiiRoot\web\CController.php(265): CController->runActionWithFilters(Object(CInlineAction), Array)
#30 D:\YiiRoot\web\CWebApplication.php(282): CController->run('')
#31 D:\YiiRoot\web\CWebApplication.php(141): CWebApplication->runController('')
#32 D:\YiiRoot\base\CApplication.php(180): CWebApplication->processRequest()
#33 D:\webroot\test.loc\index.php(11): CApplication->run()
#34 {main}
REQUEST_URI=/
---
2014/05/12 21:56:43 [error] [exception.CHttpException.404] exception 'CHttpException' with message 'Unable to resolve the request "gii".' in D:\YiiRoot\web\CWebApplication.php:286
Stack trace:
#0 D:\YiiRoot\web\CWebApplication.php(141): CWebApplication->runController('gii')
#1 D:\YiiRoot\base\CApplication.php(180): CWebApplication->processRequest()
#2 D:\webroot\test.loc\index.php(11): CApplication->run()
#3 {main}
REQUEST_URI=/gii
---
2014/05/12 21:56:52 [error] [exception.CHttpException.404] exception 'CHttpException' with message 'Unable to resolve the request "r/gii".' in D:\YiiRoot\web\CWebApplication.php:286
Stack trace:
#0 D:\YiiRoot\web\CWebApplication.php(141): CWebApplication->runController('r/gii')
#1 D:\YiiRoot\base\CApplication.php(180): CWebApplication->processRequest()
#2 D:\webroot\test.loc\index.php(11): CApplication->run()
#3 {main}
REQUEST_URI=/r/gii
---
2014/05/12 21:57:23 [error] [exception.CHttpException.404] exception 'CHttpException' with message 'Unable to resolve the request "gii".' in D:\YiiRoot\web\CWebApplication.php:286
Stack trace:
#0 D:\YiiRoot\web\CWebApplication.php(141): CWebApplication->runController('gii')
#1 D:\YiiRoot\base\CApplication.php(180): CWebApplication->processRequest()
#2 D:\webroot\test.loc\index.php(11): CApplication->run()
#3 {main}
REQUEST_URI=/gii
---
